<?xml version="1.0" encoding="utf-8"?>
<NDSProject xmlns:xsd="http://www.w3.org/2001/XMLSchema" xmlns:xsi="http://www.w3.org/2001/XMLSchema-instance" version="1.0" supplier="Nokia">
  <activeMmpFile>group\Test.mmp</activeMmpFile>
  <updateMmpFile>true</updateMmpFile>
  <updateUidCppFile>true</updateUidCppFile>
  <pkgFile>sis\Test.pkg</pkgFile>
  <pkgUpdate>false</pkgUpdate>
  <pkgGeneration>false</pkgGeneration>
  <projectProperty name="testDir" label="Test" value="tsrc" description="Directory for unit tests / test application files" type="input" pattern="Filename" role="Directory" persistedAs="directory.test" />
  <projectProperty name="sisDir" label="Install" value="sis" description="Directory for installation files" type="input" pattern="Filename" role="Directory" persistedAs="directory.sis" />
  <projectProperty name="dataDir" label="Data" value="data" description="Directory for resource files" type="input" pattern="Filename" role="Directory" persistedAs="directory.data" />
  <projectProperty name="groupDir" label="Group" value="group" description="Directory for Symbian project files" type="input" pattern="Filename" role="Directory" persistedAs="directory.group" />
  <projectProperty name="sourceDir" label="Source" value="src" description="Directory for C++ source files" type="input" pattern="Filename" role="Directory" persistedAs="directory.src" />
  <projectProperty name="incDir" label="Include" value="inc" description="Directory for C++ header files" type="input" pattern="Filename" role="Directory" persistedAs="directory.inc" />
  <projectProperty name="copyright" label="Copyright notice" value="Your copyright notice" description="Your copyright notice" type="input" pattern="FreeText" role="None" persistedAs="file.copyright" />
  <projectProperty name="vendorName" label="Vendor Name" value="Vendor Name" description="Your vendor name" type="input" pattern="FreeText" role="None" persistedAs="project.vendorName" />
  <projectProperty name="author" label="Author" value="" description="Name of the author" type="input" pattern="FreeText" role="None" persistedAs="file.author" />
  <projectProperty name="uid" label="Application UID" value="0xe8c374d3" description="Application UID. Unprotected range 0xA0000000 - 0xAfffffff, protected 0x20000000 - 0xAfffffff which are provided by Symbian." type="input" pattern="UID" role="Symbian9UID" persistedAs="project.uid3" />
  <projectProperty name="basename" label="Base Name" value="Test" description="Base name for files and classes" type="input" pattern="VariableName" role="ProjectName" persistedAs="project.basename" />
  <lang>EN</lang>
  <updateContextHelp>true</updateContextHelp>
  <securityProperty defaultCertificateName="" autoSign="false" />
</NDSProject>